Traceback (most recent call last):
  File "C:\Users\ashej\.virtualenvs\jupyter-books-WZpnkDri\Lib\site-packages\jupyter_cache\executors\utils.py", line 58, in single_nb_execution
    executenb(
  File "C:\Users\ashej\.virtualenvs\jupyter-books-WZpnkDri\Lib\site-packages\nbclient\client.py", line 1204, in execute
    return NotebookClient(nb=nb, resources=resources, km=km, **kwargs).execute()
           ^^^^^^^^^^^^^^^^^^^^^^^^^^^^^^^^^^^^^^^^^^^^^^^^^^^^^^^^^^^^^^^^^^^^^
  File "C:\Users\ashej\.virtualenvs\jupyter-books-WZpnkDri\Lib\site-packages\nbclient\util.py", line 84, in wrapped
    return just_run(coro(*args, **kwargs))
           ^^^^^^^^^^^^^^^^^^^^^^^^^^^^^^^
  File "C:\Users\ashej\.virtualenvs\jupyter-books-WZpnkDri\Lib\site-packages\nbclient\util.py", line 62, in just_run
    return loop.run_until_complete(coro)
           ^^^^^^^^^^^^^^^^^^^^^^^^^^^^^
  File "C:\Users\ashej\AppData\Local\Programs\Python\Python311\Lib\asyncio\base_events.py", line 653, in run_until_complete
    return future.result()
           ^^^^^^^^^^^^^^^
  File "C:\Users\ashej\AppData\Local\Programs\Python\Python311\Lib\contextlib.py", line 222, in __aexit__
    await self.gen.athrow(typ, value, traceback)
  File "C:\Users\ashej\.virtualenvs\jupyter-books-WZpnkDri\Lib\site-packages\nbclient\client.py", line 608, in async_setup_kernel
    yield
  File "C:\Users\ashej\.virtualenvs\jupyter-books-WZpnkDri\Lib\site-packages\nbclient\client.py", line 663, in async_execute
    await self.async_execute_cell(
  File "C:\Users\ashej\.virtualenvs\jupyter-books-WZpnkDri\Lib\site-packages\nbclient\client.py", line 965, in async_execute_cell
    await self._check_raise_for_error(cell, cell_index, exec_reply)
  File "C:\Users\ashej\.virtualenvs\jupyter-books-WZpnkDri\Lib\site-packages\nbclient\client.py", line 862, in _check_raise_for_error
    raise CellExecutionError.from_cell_and_msg(cell, exec_reply_content)
nbclient.exceptions.CellExecutionError: An error occurred while executing the following cell:
------------------
#Note: we only repeat this step from before, because this is a new .ipyb page.
#   it only needs to be executed once per file.

#We'll import libraries as needed, but when submitting, having them all at the top is best practice
import pandas as pd

# Reloading the dataset
url = "https://raw.githubusercontent.com/jbrownlee/Datasets/master/iris.csv"
df = pd.read_csv(url) #read CSV into Python as a dataframe

column_names = ['sepal-length', 'sepal-width', 'petal-length', 'petal-width', 'type']
df = pd.read_csv(url, names = column_names) #read CSV into Python as a dataframe

#Choosing the variables. 
X = df.drop(columns=['sepal-length']) #indpendent variables
y = df[['sepal-length']].copy() #dependent variables
------------------

[1;31m---------------------------------------------------------------------------[0m
[1;31mTimeoutError[0m                              Traceback (most recent call last)
File [1;32m~\AppData\Local\Programs\Python\Python311\Lib\urllib\request.py:1348[0m, in [0;36mAbstractHTTPHandler.do_open[1;34m(self, http_class, req, **http_conn_args)[0m
[0;32m   1347[0m [38;5;28;01mtry[39;00m:
[1;32m-> 1348[0m     [43mh[49m[38;5;241;43m.[39;49m[43mrequest[49m[43m([49m[43mreq[49m[38;5;241;43m.[39;49m[43mget_method[49m[43m([49m[43m)[49m[43m,[49m[43m [49m[43mreq[49m[38;5;241;43m.[39;49m[43mselector[49m[43m,[49m[43m [49m[43mreq[49m[38;5;241;43m.[39;49m[43mdata[49m[43m,[49m[43m [49m[43mheaders[49m[43m,[49m
[0;32m   1349[0m [43m              [49m[43mencode_chunked[49m[38;5;241;43m=[39;49m[43mreq[49m[38;5;241;43m.[39;49m[43mhas_header[49m[43m([49m[38;5;124;43m'[39;49m[38;5;124;43mTransfer-encoding[39;49m[38;5;124;43m'[39;49m[43m)[49m[43m)[49m
[0;32m   1350[0m [38;5;28;01mexcept[39;00m [38;5;167;01mOSError[39;00m [38;5;28;01mas[39;00m err: [38;5;66;03m# timeout error[39;00m

File [1;32m~\AppData\Local\Programs\Python\Python311\Lib\http\client.py:1282[0m, in [0;36mHTTPConnection.request[1;34m(self, method, url, body, headers, encode_chunked)[0m
[0;32m   1281[0m [38;5;250m[39m[38;5;124;03m"""Send a complete request to the server."""[39;00m
[1;32m-> 1282[0m [38;5;28;43mself[39;49m[38;5;241;43m.[39;49m[43m_send_request[49m[43m([49m[43mmethod[49m[43m,[49m[43m [49m[43murl[49m[43m,[49m[43m [49m[43mbody[49m[43m,[49m[43m [49m[43mheaders[49m[43m,[49m[43m [49m[43mencode_chunked[49m[43m)[49m

File [1;32m~\AppData\Local\Programs\Python\Python311\Lib\http\client.py:1328[0m, in [0;36mHTTPConnection._send_request[1;34m(self, method, url, body, headers, encode_chunked)[0m
[0;32m   1327[0m     body [38;5;241m=[39m _encode(body, [38;5;124m'[39m[38;5;124mbody[39m[38;5;124m'[39m)
[1;32m-> 1328[0m [38;5;28;43mself[39;49m[38;5;241;43m.[39;49m[43mendheaders[49m[43m([49m[43mbody[49m[43m,[49m[43m [49m[43mencode_chunked[49m[38;5;241;43m=[39;49m[43mencode_chunked[49m[43m)[49m

File [1;32m~\AppData\Local\Programs\Python\Python311\Lib\http\client.py:1277[0m, in [0;36mHTTPConnection.endheaders[1;34m(self, message_body, encode_chunked)[0m
[0;32m   1276[0m     [38;5;28;01mraise[39;00m CannotSendHeader()
[1;32m-> 1277[0m [38;5;28;43mself[39;49m[38;5;241;43m.[39;49m[43m_send_output[49m[43m([49m[43mmessage_body[49m[43m,[49m[43m [49m[43mencode_chunked[49m[38;5;241;43m=[39;49m[43mencode_chunked[49m[43m)[49m

File [1;32m~\AppData\Local\Programs\Python\Python311\Lib\http\client.py:1037[0m, in [0;36mHTTPConnection._send_output[1;34m(self, message_body, encode_chunked)[0m
[0;32m   1036[0m [38;5;28;01mdel[39;00m [38;5;28mself[39m[38;5;241m.[39m_buffer[:]
[1;32m-> 1037[0m [38;5;28;43mself[39;49m[38;5;241;43m.[39;49m[43msend[49m[43m([49m[43mmsg[49m[43m)[49m
[0;32m   1039[0m [38;5;28;01mif[39;00m message_body [38;5;129;01mis[39;00m [38;5;129;01mnot[39;00m [38;5;28;01mNone[39;00m:
[0;32m   1040[0m 
[0;32m   1041[0m     [38;5;66;03m# create a consistent interface to message_body[39;00m

File [1;32m~\AppData\Local\Programs\Python\Python311\Lib\http\client.py:975[0m, in [0;36mHTTPConnection.send[1;34m(self, data)[0m
[0;32m    974[0m [38;5;28;01mif[39;00m [38;5;28mself[39m[38;5;241m.[39mauto_open:
[1;32m--> 975[0m     [38;5;28;43mself[39;49m[38;5;241;43m.[39;49m[43mconnect[49m[43m([49m[43m)[49m
[0;32m    976[0m [38;5;28;01melse[39;00m:

File [1;32m~\AppData\Local\Programs\Python\Python311\Lib\http\client.py:1454[0m, in [0;36mHTTPSConnection.connect[1;34m(self)[0m
[0;32m   1452[0m     server_hostname [38;5;241m=[39m [38;5;28mself[39m[38;5;241m.[39mhost
[1;32m-> 1454[0m [38;5;28mself[39m[38;5;241m.[39msock [38;5;241m=[39m [38;5;28;43mself[39;49m[38;5;241;43m.[39;49m[43m_context[49m[38;5;241;43m.[39;49m[43mwrap_socket[49m[43m([49m[38;5;28;43mself[39;49m[38;5;241;43m.[39;49m[43msock[49m[43m,[49m
[0;32m   1455[0m [43m                                      [49m[43mserver_hostname[49m[38;5;241;43m=[39;49m[43mserver_hostname[49m[43m)[49m

File [1;32m~\AppData\Local\Programs\Python\Python311\Lib\ssl.py:517[0m, in [0;36mSSLContext.wrap_socket[1;34m(self, sock, server_side, do_handshake_on_connect, suppress_ragged_eofs, server_hostname, session)[0m
[0;32m    511[0m [38;5;28;01mdef[39;00m [38;5;21mwrap_socket[39m([38;5;28mself[39m, sock, server_side[38;5;241m=[39m[38;5;28;01mFalse[39;00m,
[0;32m    512[0m                 do_handshake_on_connect[38;5;241m=[39m[38;5;28;01mTrue[39;00m,
[0;32m    513[0m                 suppress_ragged_eofs[38;5;241m=[39m[38;5;28;01mTrue[39;00m,
[0;32m    514[0m                 server_hostname[38;5;241m=[39m[38;5;28;01mNone[39;00m, session[38;5;241m=[39m[38;5;28;01mNone[39;00m):
[0;32m    515[0m     [38;5;66;03m# SSLSocket class handles server_hostname encoding before it calls[39;00m
[0;32m    516[0m     [38;5;66;03m# ctx._wrap_socket()[39;00m
[1;32m--> 517[0m     [38;5;28;01mreturn[39;00m [38;5;28;43mself[39;49m[38;5;241;43m.[39;49m[43msslsocket_class[49m[38;5;241;43m.[39;49m[43m_create[49m[43m([49m
[0;32m    518[0m [43m        [49m[43msock[49m[38;5;241;43m=[39;49m[43msock[49m[43m,[49m
[0;32m    519[0m [43m        [49m[43mserver_side[49m[38;5;241;43m=[39;49m[43mserver_side[49m[43m,[49m
[0;32m    520[0m [43m        [49m[43mdo_handshake_on_connect[49m[38;5;241;43m=[39;49m[43mdo_handshake_on_connect[49m[43m,[49m
[0;32m    521[0m [43m        [49m[43msuppress_ragged_eofs[49m[38;5;241;43m=[39;49m[43msuppress_ragged_eofs[49m[43m,[49m
[0;32m    522[0m [43m        [49m[43mserver_hostname[49m[38;5;241;43m=[39;49m[43mserver_hostname[49m[43m,[49m
[0;32m    523[0m [43m        [49m[43mcontext[49m[38;5;241;43m=[39;49m[38;5;28;43mself[39;49m[43m,[49m
[0;32m    524[0m [43m        [49m[43msession[49m[38;5;241;43m=[39;49m[43msession[49m
[0;32m    525[0m [43m    [49m[43m)[49m

File [1;32m~\AppData\Local\Programs\Python\Python311\Lib\ssl.py:1075[0m, in [0;36mSSLSocket._create[1;34m(cls, sock, server_side, do_handshake_on_connect, suppress_ragged_eofs, server_hostname, context, session)[0m
[0;32m   1074[0m             [38;5;28;01mraise[39;00m [38;5;167;01mValueError[39;00m([38;5;124m"[39m[38;5;124mdo_handshake_on_connect should not be specified for non-blocking sockets[39m[38;5;124m"[39m)
[1;32m-> 1075[0m         [38;5;28;43mself[39;49m[38;5;241;43m.[39;49m[43mdo_handshake[49m[43m([49m[43m)[49m
[0;32m   1076[0m [38;5;28;01mexcept[39;00m ([38;5;167;01mOSError[39;00m, [38;5;167;01mValueError[39;00m):

File [1;32m~\AppData\Local\Programs\Python\Python311\Lib\ssl.py:1346[0m, in [0;36mSSLSocket.do_handshake[1;34m(self, block)[0m
[0;32m   1345[0m         [38;5;28mself[39m[38;5;241m.[39msettimeout([38;5;28;01mNone[39;00m)
[1;32m-> 1346[0m     [38;5;28;43mself[39;49m[38;5;241;43m.[39;49m[43m_sslobj[49m[38;5;241;43m.[39;49m[43mdo_handshake[49m[43m([49m[43m)[49m
[0;32m   1347[0m [38;5;28;01mfinally[39;00m:

[1;31mTimeoutError[0m: [WinError 10060] A connection attempt failed because the connected party did not properly respond after a period of time, or established connection failed because connected host has failed to respond

During handling of the above exception, another exception occurred:

[1;31mURLError[0m                                  Traceback (most recent call last)
Cell [1;32mIn[1], line 9[0m
[0;32m      7[0m [38;5;66;03m# Reloading the dataset[39;00m
[0;32m      8[0m url [38;5;241m=[39m [38;5;124m"[39m[38;5;124mhttps://raw.githubusercontent.com/jbrownlee/Datasets/master/iris.csv[39m[38;5;124m"[39m
[1;32m----> 9[0m df [38;5;241m=[39m [43mpd[49m[38;5;241;43m.[39;49m[43mread_csv[49m[43m([49m[43murl[49m[43m)[49m [38;5;66;03m#read CSV into Python as a dataframe[39;00m
[0;32m     11[0m column_names [38;5;241m=[39m [[38;5;124m'[39m[38;5;124msepal-length[39m[38;5;124m'[39m, [38;5;124m'[39m[38;5;124msepal-width[39m[38;5;124m'[39m, [38;5;124m'[39m[38;5;124mpetal-length[39m[38;5;124m'[39m, [38;5;124m'[39m[38;5;124mpetal-width[39m[38;5;124m'[39m, [38;5;124m'[39m[38;5;124mtype[39m[38;5;124m'[39m]
[0;32m     12[0m df [38;5;241m=[39m pd[38;5;241m.[39mread_csv(url, names [38;5;241m=[39m column_names) [38;5;66;03m#read CSV into Python as a dataframe[39;00m

File [1;32m~\.virtualenvs\jupyter-books-WZpnkDri\Lib\site-packages\pandas\util\_decorators.py:211[0m, in [0;36mdeprecate_kwarg.<locals>._deprecate_kwarg.<locals>.wrapper[1;34m(*args, **kwargs)[0m
[0;32m    209[0m     [38;5;28;01melse[39;00m:
[0;32m    210[0m         kwargs[new_arg_name] [38;5;241m=[39m new_arg_value
[1;32m--> 211[0m [38;5;28;01mreturn[39;00m [43mfunc[49m[43m([49m[38;5;241;43m*[39;49m[43margs[49m[43m,[49m[43m [49m[38;5;241;43m*[39;49m[38;5;241;43m*[39;49m[43mkwargs[49m[43m)[49m

File [1;32m~\.virtualenvs\jupyter-books-WZpnkDri\Lib\site-packages\pandas\util\_decorators.py:331[0m, in [0;36mdeprecate_nonkeyword_arguments.<locals>.decorate.<locals>.wrapper[1;34m(*args, **kwargs)[0m
[0;32m    325[0m [38;5;28;01mif[39;00m [38;5;28mlen[39m(args) [38;5;241m>[39m num_allow_args:
[0;32m    326[0m     warnings[38;5;241m.[39mwarn(
[0;32m    327[0m         msg[38;5;241m.[39mformat(arguments[38;5;241m=[39m_format_argument_list(allow_args)),
[0;32m    328[0m         [38;5;167;01mFutureWarning[39;00m,
[0;32m    329[0m         stacklevel[38;5;241m=[39mfind_stack_level(),
[0;32m    330[0m     )
[1;32m--> 331[0m [38;5;28;01mreturn[39;00m [43mfunc[49m[43m([49m[38;5;241;43m*[39;49m[43margs[49m[43m,[49m[43m [49m[38;5;241;43m*[39;49m[38;5;241;43m*[39;49m[43mkwargs[49m[43m)[49m

File [1;32m~\.virtualenvs\jupyter-books-WZpnkDri\Lib\site-packages\pandas\io\parsers\readers.py:950[0m, in [0;36mread_csv[1;34m(filepath_or_buffer, sep, delimiter, header, names, index_col, usecols, squeeze, prefix, mangle_dupe_cols, dtype, engine, converters, true_values, false_values, skipinitialspace, skiprows, skipfooter, nrows, na_values, keep_default_na, na_filter, verbose, skip_blank_lines, parse_dates, infer_datetime_format, keep_date_col, date_parser, dayfirst, cache_dates, iterator, chunksize, compression, thousands, decimal, lineterminator, quotechar, quoting, doublequote, escapechar, comment, encoding, encoding_errors, dialect, error_bad_lines, warn_bad_lines, on_bad_lines, delim_whitespace, low_memory, memory_map, float_precision, storage_options)[0m
[0;32m    935[0m kwds_defaults [38;5;241m=[39m _refine_defaults_read(
[0;32m    936[0m     dialect,
[0;32m    937[0m     delimiter,
[1;32m   (...)[0m
[0;32m    946[0m     defaults[38;5;241m=[39m{[38;5;124m"[39m[38;5;124mdelimiter[39m[38;5;124m"[39m: [38;5;124m"[39m[38;5;124m,[39m[38;5;124m"[39m},
[0;32m    947[0m )
[0;32m    948[0m kwds[38;5;241m.[39mupdate(kwds_defaults)
[1;32m--> 950[0m [38;5;28;01mreturn[39;00m [43m_read[49m[43m([49m[43mfilepath_or_buffer[49m[43m,[49m[43m [49m[43mkwds[49m[43m)[49m

File [1;32m~\.virtualenvs\jupyter-books-WZpnkDri\Lib\site-packages\pandas\io\parsers\readers.py:605[0m, in [0;36m_read[1;34m(filepath_or_buffer, kwds)[0m
[0;32m    602[0m _validate_names(kwds[38;5;241m.[39mget([38;5;124m"[39m[38;5;124mnames[39m[38;5;124m"[39m, [38;5;28;01mNone[39;00m))
[0;32m    604[0m [38;5;66;03m# Create the parser.[39;00m
[1;32m--> 605[0m parser [38;5;241m=[39m [43mTextFileReader[49m[43m([49m[43mfilepath_or_buffer[49m[43m,[49m[43m [49m[38;5;241;43m*[39;49m[38;5;241;43m*[39;49m[43mkwds[49m[43m)[49m
[0;32m    607[0m [38;5;28;01mif[39;00m chunksize [38;5;129;01mor[39;00m iterator:
[0;32m    608[0m     [38;5;28;01mreturn[39;00m parser

File [1;32m~\.virtualenvs\jupyter-books-WZpnkDri\Lib\site-packages\pandas\io\parsers\readers.py:1442[0m, in [0;36mTextFileReader.__init__[1;34m(self, f, engine, **kwds)[0m
[0;32m   1439[0m     [38;5;28mself[39m[38;5;241m.[39moptions[[38;5;124m"[39m[38;5;124mhas_index_names[39m[38;5;124m"[39m] [38;5;241m=[39m kwds[[38;5;124m"[39m[38;5;124mhas_index_names[39m[38;5;124m"[39m]
[0;32m   1441[0m [38;5;28mself[39m[38;5;241m.[39mhandles: IOHandles [38;5;241m|[39m [38;5;28;01mNone[39;00m [38;5;241m=[39m [38;5;28;01mNone[39;00m
[1;32m-> 1442[0m [38;5;28mself[39m[38;5;241m.[39m_engine [38;5;241m=[39m [38;5;28;43mself[39;49m[38;5;241;43m.[39;49m[43m_make_engine[49m[43m([49m[43mf[49m[43m,[49m[43m [49m[38;5;28;43mself[39;49m[38;5;241;43m.[39;49m[43mengine[49m[43m)[49m

File [1;32m~\.virtualenvs\jupyter-books-WZpnkDri\Lib\site-packages\pandas\io\parsers\readers.py:1735[0m, in [0;36mTextFileReader._make_engine[1;34m(self, f, engine)[0m
[0;32m   1733[0m     [38;5;28;01mif[39;00m [38;5;124m"[39m[38;5;124mb[39m[38;5;124m"[39m [38;5;129;01mnot[39;00m [38;5;129;01min[39;00m mode:
[0;32m   1734[0m         mode [38;5;241m+[39m[38;5;241m=[39m [38;5;124m"[39m[38;5;124mb[39m[38;5;124m"[39m
[1;32m-> 1735[0m [38;5;28mself[39m[38;5;241m.[39mhandles [38;5;241m=[39m [43mget_handle[49m[43m([49m
[0;32m   1736[0m [43m    [49m[43mf[49m[43m,[49m
[0;32m   1737[0m [43m    [49m[43mmode[49m[43m,[49m
[0;32m   1738[0m [43m    [49m[43mencoding[49m[38;5;241;43m=[39;49m[38;5;28;43mself[39;49m[38;5;241;43m.[39;49m[43moptions[49m[38;5;241;43m.[39;49m[43mget[49m[43m([49m[38;5;124;43m"[39;49m[38;5;124;43mencoding[39;49m[38;5;124;43m"[39;49m[43m,[49m[43m [49m[38;5;28;43;01mNone[39;49;00m[43m)[49m[43m,[49m
[0;32m   1739[0m [43m    [49m[43mcompression[49m[38;5;241;43m=[39;49m[38;5;28;43mself[39;49m[38;5;241;43m.[39;49m[43moptions[49m[38;5;241;43m.[39;49m[43mget[49m[43m([49m[38;5;124;43m"[39;49m[38;5;124;43mcompression[39;49m[38;5;124;43m"[39;49m[43m,[49m[43m [49m[38;5;28;43;01mNone[39;49;00m[43m)[49m[43m,[49m
[0;32m   1740[0m [43m    [49m[43mmemory_map[49m[38;5;241;43m=[39;49m[38;5;28;43mself[39;49m[38;5;241;43m.[39;49m[43moptions[49m[38;5;241;43m.[39;49m[43mget[49m[43m([49m[38;5;124;43m"[39;49m[38;5;124;43mmemory_map[39;49m[38;5;124;43m"[39;49m[43m,[49m[43m [49m[38;5;28;43;01mFalse[39;49;00m[43m)[49m[43m,[49m
[0;32m   1741[0m [43m    [49m[43mis_text[49m[38;5;241;43m=[39;49m[43mis_text[49m[43m,[49m
[0;32m   1742[0m [43m    [49m[43merrors[49m[38;5;241;43m=[39;49m[38;5;28;43mself[39;49m[38;5;241;43m.[39;49m[43moptions[49m[38;5;241;43m.[39;49m[43mget[49m[43m([49m[38;5;124;43m"[39;49m[38;5;124;43mencoding_errors[39;49m[38;5;124;43m"[39;49m[43m,[49m[43m [49m[38;5;124;43m"[39;49m[38;5;124;43mstrict[39;49m[38;5;124;43m"[39;49m[43m)[49m[43m,[49m
[0;32m   1743[0m [43m    [49m[43mstorage_options[49m[38;5;241;43m=[39;49m[38;5;28;43mself[39;49m[38;5;241;43m.[39;49m[43moptions[49m[38;5;241;43m.[39;49m[43mget[49m[43m([49m[38;5;124;43m"[39;49m[38;5;124;43mstorage_options[39;49m[38;5;124;43m"[39;49m[43m,[49m[43m [49m[38;5;28;43;01mNone[39;49;00m[43m)[49m[43m,[49m
[0;32m   1744[0m [43m[49m[43m)[49m
[0;32m   1745[0m [38;5;28;01massert[39;00m [38;5;28mself[39m[38;5;241m.[39mhandles [38;5;129;01mis[39;00m [38;5;129;01mnot[39;00m [38;5;28;01mNone[39;00m
[0;32m   1746[0m f [38;5;241m=[39m [38;5;28mself[39m[38;5;241m.[39mhandles[38;5;241m.[39mhandle

File [1;32m~\.virtualenvs\jupyter-books-WZpnkDri\Lib\site-packages\pandas\io\common.py:713[0m, in [0;36mget_handle[1;34m(path_or_buf, mode, encoding, compression, memory_map, is_text, errors, storage_options)[0m
[0;32m    710[0m     codecs[38;5;241m.[39mlookup_error(errors)
[0;32m    712[0m [38;5;66;03m# open URLs[39;00m
[1;32m--> 713[0m ioargs [38;5;241m=[39m [43m_get_filepath_or_buffer[49m[43m([49m
[0;32m    714[0m [43m    [49m[43mpath_or_buf[49m[43m,[49m
[0;32m    715[0m [43m    [49m[43mencoding[49m[38;5;241;43m=[39;49m[43mencoding[49m[43m,[49m
[0;32m    716[0m [43m    [49m[43mcompression[49m[38;5;241;43m=[39;49m[43mcompression[49m[43m,[49m
[0;32m    717[0m [43m    [49m[43mmode[49m[38;5;241;43m=[39;49m[43mmode[49m[43m,[49m
[0;32m    718[0m [43m    [49m[43mstorage_options[49m[38;5;241;43m=[39;49m[43mstorage_options[49m[43m,[49m
[0;32m    719[0m [43m[49m[43m)[49m
[0;32m    721[0m handle [38;5;241m=[39m ioargs[38;5;241m.[39mfilepath_or_buffer
[0;32m    722[0m handles: [38;5;28mlist[39m[BaseBuffer]

File [1;32m~\.virtualenvs\jupyter-books-WZpnkDri\Lib\site-packages\pandas\io\common.py:363[0m, in [0;36m_get_filepath_or_buffer[1;34m(filepath_or_buffer, encoding, compression, mode, storage_options)[0m
[0;32m    361[0m [38;5;66;03m# assuming storage_options is to be interpreted as headers[39;00m
[0;32m    362[0m req_info [38;5;241m=[39m urllib[38;5;241m.[39mrequest[38;5;241m.[39mRequest(filepath_or_buffer, headers[38;5;241m=[39mstorage_options)
[1;32m--> 363[0m [38;5;28;01mwith[39;00m [43murlopen[49m[43m([49m[43mreq_info[49m[43m)[49m [38;5;28;01mas[39;00m req:
[0;32m    364[0m     content_encoding [38;5;241m=[39m req[38;5;241m.[39mheaders[38;5;241m.[39mget([38;5;124m"[39m[38;5;124mContent-Encoding[39m[38;5;124m"[39m, [38;5;28;01mNone[39;00m)
[0;32m    365[0m     [38;5;28;01mif[39;00m content_encoding [38;5;241m==[39m [38;5;124m"[39m[38;5;124mgzip[39m[38;5;124m"[39m:
[0;32m    366[0m         [38;5;66;03m# Override compression based on Content-Encoding header[39;00m

File [1;32m~\.virtualenvs\jupyter-books-WZpnkDri\Lib\site-packages\pandas\io\common.py:265[0m, in [0;36murlopen[1;34m(*args, **kwargs)[0m
[0;32m    259[0m [38;5;250m[39m[38;5;124;03m"""[39;00m
[0;32m    260[0m [38;5;124;03mLazy-import wrapper for stdlib urlopen, as that imports a big chunk of[39;00m
[0;32m    261[0m [38;5;124;03mthe stdlib.[39;00m
[0;32m    262[0m [38;5;124;03m"""[39;00m
[0;32m    263[0m [38;5;28;01mimport[39;00m [38;5;21;01murllib[39;00m[38;5;21;01m.[39;00m[38;5;21;01mrequest[39;00m
[1;32m--> 265[0m [38;5;28;01mreturn[39;00m [43murllib[49m[38;5;241;43m.[39;49m[43mrequest[49m[38;5;241;43m.[39;49m[43murlopen[49m[43m([49m[38;5;241;43m*[39;49m[43margs[49m[43m,[49m[43m [49m[38;5;241;43m*[39;49m[38;5;241;43m*[39;49m[43mkwargs[49m[43m)[49m

File [1;32m~\AppData\Local\Programs\Python\Python311\Lib\urllib\request.py:216[0m, in [0;36murlopen[1;34m(url, data, timeout, cafile, capath, cadefault, context)[0m
[0;32m    214[0m [38;5;28;01melse[39;00m:
[0;32m    215[0m     opener [38;5;241m=[39m _opener
[1;32m--> 216[0m [38;5;28;01mreturn[39;00m [43mopener[49m[38;5;241;43m.[39;49m[43mopen[49m[43m([49m[43murl[49m[43m,[49m[43m [49m[43mdata[49m[43m,[49m[43m [49m[43mtimeout[49m[43m)[49m

File [1;32m~\AppData\Local\Programs\Python\Python311\Lib\urllib\request.py:519[0m, in [0;36mOpenerDirector.open[1;34m(self, fullurl, data, timeout)[0m
[0;32m    516[0m     req [38;5;241m=[39m meth(req)
[0;32m    518[0m sys[38;5;241m.[39maudit([38;5;124m'[39m[38;5;124murllib.Request[39m[38;5;124m'[39m, req[38;5;241m.[39mfull_url, req[38;5;241m.[39mdata, req[38;5;241m.[39mheaders, req[38;5;241m.[39mget_method())
[1;32m--> 519[0m response [38;5;241m=[39m [38;5;28;43mself[39;49m[38;5;241;43m.[39;49m[43m_open[49m[43m([49m[43mreq[49m[43m,[49m[43m [49m[43mdata[49m[43m)[49m
[0;32m    521[0m [38;5;66;03m# post-process response[39;00m
[0;32m    522[0m meth_name [38;5;241m=[39m protocol[38;5;241m+[39m[38;5;124m"[39m[38;5;124m_response[39m[38;5;124m"[39m

File [1;32m~\AppData\Local\Programs\Python\Python311\Lib\urllib\request.py:536[0m, in [0;36mOpenerDirector._open[1;34m(self, req, data)[0m
[0;32m    533[0m     [38;5;28;01mreturn[39;00m result
[0;32m    535[0m protocol [38;5;241m=[39m req[38;5;241m.[39mtype
[1;32m--> 536[0m result [38;5;241m=[39m [38;5;28;43mself[39;49m[38;5;241;43m.[39;49m[43m_call_chain[49m[43m([49m[38;5;28;43mself[39;49m[38;5;241;43m.[39;49m[43mhandle_open[49m[43m,[49m[43m [49m[43mprotocol[49m[43m,[49m[43m [49m[43mprotocol[49m[43m [49m[38;5;241;43m+[39;49m
[0;32m    537[0m [43m                          [49m[38;5;124;43m'[39;49m[38;5;124;43m_open[39;49m[38;5;124;43m'[39;49m[43m,[49m[43m [49m[43mreq[49m[43m)[49m
[0;32m    538[0m [38;5;28;01mif[39;00m result:
[0;32m    539[0m     [38;5;28;01mreturn[39;00m result

File [1;32m~\AppData\Local\Programs\Python\Python311\Lib\urllib\request.py:496[0m, in [0;36mOpenerDirector._call_chain[1;34m(self, chain, kind, meth_name, *args)[0m
[0;32m    494[0m [38;5;28;01mfor[39;00m handler [38;5;129;01min[39;00m handlers:
[0;32m    495[0m     func [38;5;241m=[39m [38;5;28mgetattr[39m(handler, meth_name)
[1;32m--> 496[0m     result [38;5;241m=[39m [43mfunc[49m[43m([49m[38;5;241;43m*[39;49m[43margs[49m[43m)[49m
[0;32m    497[0m     [38;5;28;01mif[39;00m result [38;5;129;01mis[39;00m [38;5;129;01mnot[39;00m [38;5;28;01mNone[39;00m:
[0;32m    498[0m         [38;5;28;01mreturn[39;00m result

File [1;32m~\AppData\Local\Programs\Python\Python311\Lib\urllib\request.py:1391[0m, in [0;36mHTTPSHandler.https_open[1;34m(self, req)[0m
[0;32m   1390[0m [38;5;28;01mdef[39;00m [38;5;21mhttps_open[39m([38;5;28mself[39m, req):
[1;32m-> 1391[0m     [38;5;28;01mreturn[39;00m [38;5;28;43mself[39;49m[38;5;241;43m.[39;49m[43mdo_open[49m[43m([49m[43mhttp[49m[38;5;241;43m.[39;49m[43mclient[49m[38;5;241;43m.[39;49m[43mHTTPSConnection[49m[43m,[49m[43m [49m[43mreq[49m[43m,[49m
[0;32m   1392[0m [43m        [49m[43mcontext[49m[38;5;241;43m=[39;49m[38;5;28;43mself[39;49m[38;5;241;43m.[39;49m[43m_context[49m[43m,[49m[43m [49m[43mcheck_hostname[49m[38;5;241;43m=[39;49m[38;5;28;43mself[39;49m[38;5;241;43m.[39;49m[43m_check_hostname[49m[43m)[49m

File [1;32m~\AppData\Local\Programs\Python\Python311\Lib\urllib\request.py:1351[0m, in [0;36mAbstractHTTPHandler.do_open[1;34m(self, http_class, req, **http_conn_args)[0m
[0;32m   1348[0m         h[38;5;241m.[39mrequest(req[38;5;241m.[39mget_method(), req[38;5;241m.[39mselector, req[38;5;241m.[39mdata, headers,
[0;32m   1349[0m                   encode_chunked[38;5;241m=[39mreq[38;5;241m.[39mhas_header([38;5;124m'[39m[38;5;124mTransfer-encoding[39m[38;5;124m'[39m))
[0;32m   1350[0m     [38;5;28;01mexcept[39;00m [38;5;167;01mOSError[39;00m [38;5;28;01mas[39;00m err: [38;5;66;03m# timeout error[39;00m
[1;32m-> 1351[0m         [38;5;28;01mraise[39;00m URLError(err)
[0;32m   1352[0m     r [38;5;241m=[39m h[38;5;241m.[39mgetresponse()
[0;32m   1353[0m [38;5;28;01mexcept[39;00m:

[1;31mURLError[0m: <urlopen error [WinError 10060] A connection attempt failed because the connected party did not properly respond after a period of time, or established connection failed because connected host has failed to respond>
URLError: <urlopen error [WinError 10060] A connection attempt failed because the connected party did not properly respond after a period of time, or established connection failed because connected host has failed to respond>

